<?xml version="1.0" encoding="UTF-8"?>
<!-- Generated by org.testng.reporters.JUnitReportReporter -->
<testsuite hostname="Vamsi" failures="0" tests="2" name="com.rgb.test.LoginTest" time="47.664" errors="0" timestamp="2021-04-28T05:29:15 CDT" skipped="0">
  <testcase classname="com.rgb.test.LoginTest" name="loginwithValidCredentials" time="26.047"/>
  <system-out/>
  <testcase classname="com.rgb.test.LoginTest" name="loginwithInvalidCredentials" time="21.617"/>
  <system-out/>
</testsuite> <!-- com.rgb.test.LoginTest -->
